<?xml version="1.0" encoding="UTF-8"?>
<!-- Generated by org.testng.reporters.JUnitReportReporter -->
<testsuite hostname="LAPTOP-RDMATUKE" failures="0" tests="4" name="com.qa.test.DemoTest" time="0.021" errors="0" timestamp="23 Dec 2019 09:26:41 GMT">
  <testcase classname="com.qa.test.DemoTest" name="mul" time="0.002"/>
  <testcase classname="com.qa.test.DemoTest" name="sum" time="0.003"/>
  <testcase classname="com.qa.test.DemoTest" name="div" time="0.014"/>
  <testcase classname="com.qa.test.DemoTest" name="sub" time="0.002"/>
</testsuite> <!-- com.qa.test.DemoTest -->
