<?xml version="1.0" encoding="UTF-8"?>
<!-- Generated by org.testng.reporters.JUnitReportReporter -->
<testsuite skipped="1" hostname="LAPTOP-RDMATUKE" name="MyRunner.TestRunner" tests="1" failures="0" timestamp="2020-01-28T14:33:27 IST" time="0.000" errors="0">
  <testcase name="feature" time="0.000" classname="MyRunner.TestRunner">
    <skipped/>
  </testcase> <!-- feature -->
</testsuite> <!-- MyRunner.TestRunner -->
